<?xml version="1.0" encoding="UTF-8"?>
<!-- Generated by org.testng.reporters.JUnitReportReporter -->
<testsuite skipped="0" hostname="LAPTOP-4PCTMNT8" name="com.simpliliearn.RestAPIPhase3Project.EndToEndTest" tests="1" failures="0" timestamp="22 Dec 2023 11:01:51 GMT" time="5.189" errors="0">
  <testcase name="runtestCases" time="5.189" classname="com.simpliliearn.RestAPIPhase3Project.EndToEndTest"/>
</testsuite> <!-- com.simpliliearn.RestAPIPhase3Project.EndToEndTest -->
